     1                                 %line 1+1 ex7_addCin.asm
     2                                 
     3                                 
     4                                 
     5                                 
     6                                 
     7                                 
     8                                 
     9                                 
    10                                 
    11                                 
    12                                 
    13                                 
    14                                 
    15                                 
    16                                 
    17                                 
    18                                 
    19                                 [section .data]
    20 00000000 496E70757420317374-     msg1 db "Input 1st number (0~9): "
    21 00000000 206E756D6265722028-
    22 00000000 307E39293A20       
    23 00000018 496E70757420326E64-     msg2 db "Input 2nd number (0~9): "
    24 00000018 206E756D6265722028-
    25 00000018 307E39293A20       
    26 00000030 30300A                  asc3 db "00", 10
    27 00000033 2B                      plus db '+'
    28 00000034 3D                      equal db '='
    29                                 
    30                                 [section .bss]
    31 00000000 <gap>                   num1 resb 1
    32 00000001 <gap>                   num2 resb 1
    33 00000002 <gap>                   sum resb 1
    34 00000003 <gap>                   asc1 resb 2
    35 00000005 <gap>                   asc2 resb 2
    36                                 
    37                                 [section .text]
    38                                 [global _start]
    39                                 
    40                                 _start:
    41                                 
    42 00000000 48C7C001000000          mov rax, 1
    43 00000007 48C7C701000000          mov rdi, 1
    44 0000000E 48C7C6[00000000]        mov rsi, msg1
    45 00000015 48C7C218000000          mov rdx, 24
    46 0000001C 0F05                    syscall
    47                                 
    48                                 
    49 0000001E 48C7C000000000          mov rax, 0
    50 00000025 48C7C700000000          mov rdi, 0
    51 0000002C 48C7C6[00000000]        mov rsi, asc1
    52 00000033 48C7C202000000          mov rdx, 2
    53 0000003A 0F05                    syscall
    54 0000003C 8A0425[00000000]        mov al, byte[asc1]
    55 00000043 240F                    and al, 0f
    56 00000045 880425[00000000]        mov byte[num1], al
    57                                 
    58                                 
    59 0000004C 48C7C001000000          mov rax, 1
    60 00000053 48C7C701000000          mov rdi, 1
    61 0000005A 48C7C6[00000000]        mov rsi, msg2
    62 00000061 48C7C218000000          mov rdx, 24
    63 00000068 0F05                    syscall
    64                                 
    65                                 
    66 0000006A 48C7C000000000          mov rax, 0
    67 00000071 48C7C700000000          mov rdi, 0
    68 00000078 48C7C6[00000000]        mov rsi, asc2
    69                                 
    70 0000007F 48C7C202000000          mov rdx, 2
    71 00000086 0F05                    syscall
    72 00000088 8A0425[00000000]        mov al, byte[asc2]
    73 0000008F 240F                    and al, 0f
    74 00000091 880425[00000000]        mov byte[num2], al
    75                                 
    76                                 
    77 00000098 8A0425[00000000]        mov al, byte[num1]
    78 0000009F 020425[00000000]        add al, byte[num2]
    79 000000A6 880425[00000000]        mov byte[sum], al
    80                                 
    81                                 
    82 000000AD B400                    mov ah, 0
    83 000000AF 8A0425[00000000]        mov al, byte[sum]
    84 000000B6 B30A                    mov bl, 10
    85 000000B8 F6F3                    div bl
    86 000000BA 000425[00000000]        add byte[asc3+0], al
    87 000000C1 002425[01000000]        add byte[asc3+1], ah
    88                                 
    89                                 
    90 000000C8 48C7C001000000          mov rax, 1
    91 000000CF 48C7C701000000          mov rdi, 1
    92 000000D6 48C7C6[00000000]        mov rsi, asc1
    93 000000DD 48C7C201000000          mov rdx, 1
    94 000000E4 0F05                    syscall
    95                                 
    96                                 
    97 000000E6 48C7C001000000          mov rax, 1
    98 000000ED 48C7C701000000          mov rdi, 1
    99 000000F4 48C7C6[00000000]        mov rsi, plus
   100 000000FB 48C7C201000000          mov rdx, 1
   101 00000102 0F05                    syscall
   102                                 
   103                                 
   104 00000104 48C7C001000000          mov rax, 1
   105 0000010B 48C7C701000000          mov rdi, 1
   106 00000112 48C7C6[00000000]        mov rsi, asc2
   107 00000119 48C7C201000000          mov rdx, 1
   108 00000120 0F05                    syscall
   109                                 
   110                                 
   111 00000122 48C7C001000000          mov rax, 1
   112 00000129 48C7C701000000          mov rdi, 1
   113 00000130 48C7C6[00000000]        mov rsi, equal
   114 00000137 48C7C201000000          mov rdx, 1
   115 0000013E 0F05                    syscall
   116                                 
   117                                 
   118 00000140 48C7C001000000          mov rax, 1
   119 00000147 48C7C701000000          mov rdi, 1
   120 0000014E 48C7C6[00000000]        mov rsi, asc3
   121 00000155 48C7C203000000          mov rdx, 3
   122 0000015C 0F05                    syscall
   123                                 
   124 0000015E 48C7C03C000000          mov rax, 60
   125 00000165 48C7C700000000          mov rdi, 0
   126 0000016C 0F05                    syscall
