     1                                 %line 1+1 doWhile.asm
     2                                 
     3                                 
     4                                 
     5                                 
     6                                 
     7                                 
     8                                 
     9                                 [section .data]
    10 00000000 0000                   sum dw 0
    11                                 
    12                                 [section .text]
    13                                 [global _start]
    14                                 
    15                                 _start:
    16 00000000 B101                    mov cl, 1
    17                                 doloop
    18 00000002 88C8                    mov al, cl
    19 00000004 F6E1                    mul cl
    20                                 
    21                                 
    22                                 
    23 00000006 66010425[00000000]      add word[sum], ax
    24 0000000E FEC1                    inc cl
    25                                 
    26 00000010 80F90A                  cmp cl, 10
    27 00000013 76EB                    jbe doloop
    28                                 
    29                                 exit:
    30 00000015 48C7C03C000000          mov rax, 60
    31 0000001C 48C7C700000000          mov rdi, 0
    32 00000023 0F05                    syscall
