     1                                 %line 1+1 cin.asm
     2                                 
     3                                 
     4                                 
     5                                 
     6                                 
     7                                 
     8                                 
     9                                 
    10                                 
    11                                 
    12                                 
    13                                 
    14                                 
    15                                 
    16                                 
    17                                 
    18                                 [section .data]
    19 00000000 496E7075742061206E-     msg1 db "Input a number(1-9) : "
    20 00000000 756D62657228312D39-
    21 00000000 29203A20           
    22 00000016 2069732061206D756C-     msg2 db " is a multiple of 3", 10
    23 00000016 7469706C65206F6620-
    24 00000016 330A               
    25                                 
    26                                 [section .bss]
    27 00000000 <gap>                   num resb 1
    28 00000001 <gap>                   buffer resb 1
    29                                 
    30                                 [section .text]
    31                                 [global _start]
    32                                 
    33                                 _start:
    34 00000000 49C7C200000000          mov r10, 0
    35                                 next1:
    36                                 
    37 00000007 48C7C001000000          mov rax, 1
    38 0000000E 48C7C701000000          mov rdi, 1
    39 00000015 48C7C6[00000000]        mov rsi, msg1
    40 0000001C 48C7C216000000          mov rdx, 22
    41 00000023 0F05                    syscall
    42                                 
    43                                 
    44 00000025 48C7C000000000          mov rax, 0
    45 0000002C 48C7C700000000          mov rdi, 0
    46 00000033 48C7C6[00000000]        mov rsi, buffer
    47 0000003A 48C7C202000000          mov rdx, 2
    48 00000041 0F05                    syscall
    49                                 
    50                                 
    51 00000043 8A0425[00000000]        mov al, byte[buffer]
    52 0000004A 240F                    and al, 0f
    53 0000004C 880425[00000000]        mov byte[num], al
    54                                 
    55                                 
    56 00000053 B303                    mov bl, 3
    57 00000055 B400                    mov ah, 0
    58 00000057 F6F3                    div bl
    59 00000059 80FC00                  cmp ah, 0
    60 0000005C 7400                    je is_divisible
    61 0000005E EB3A                    jmp skip
    62                                 
    63                                 is_divisible:
    64                                 
    65 00000060 48C7C001000000          mov rax, 1
    66 00000067 48C7C701000000          mov rdi, 1
    67 0000006E 48C7C6[00000000]        mov rsi, buffer
    68 00000075 48C7C201000000          mov rdx, 1
    69 0000007C 0F05                    syscall
    70                                 
    71                                 
    72 0000007E 48C7C001000000          mov rax, 1
    73 00000085 48C7C701000000          mov rdi, 1
    74 0000008C 48C7C6[00000000]        mov rsi, msg2
    75 00000093 48C7C214000000          mov rdx, 20
    76 0000009A 0F05                    syscall
    77                                 
    78                                 skip:
    79 0000009C 49FFC2                  inc r10
    80 0000009F 4983FA08                cmp r10, 8
    81 000000A3 0F8E58FFFFFF            jle next1
    82 000000A9 EBFE                    jmp end
    83                                 
    84                                 end:
    85 000000AB 48C7C03C000000          mov rax, 60
    86 000000B2 48C7C700000000          mov rdi, 0
    87 000000B9 0F05                    syscall
