     1                                 %line 1+1 ex6_addCout.asm
     2                                 
     3                                 
     4                                 
     5                                 
     6                                 
     7                                 
     8                                 
     9                                 
    10                                 
    11                                 [section .data]
    12 00000000 35                      asc1 db '5'
    13 00000001 37                      asc2 db '7'
    14 00000002 30300A                  asc3 db "00", 10
    15 00000005 2B                      plus db '+'
    16 00000006 3D                      equal db '='
    17                                 
    18                                 [section .bss]
    19 00000000 <gap>                   num1 resb 1
    20 00000001 <gap>                   num2 resb 1
    21 00000002 <gap>                   sum resb 1
    22                                 
    23                                 [section .text]
    24                                 [global _start]
    25                                 
    26                                 _start:
    27                                 
    28 00000000 8A0425[00000000]        mov al, byte[asc1]
    29 00000007 240F                    and al, 0f
    30 00000009 880425[00000000]        mov byte[num1], al
    31                                 
    32                                 
    33 00000010 8A1C25[00000000]        mov bl, byte[asc2]
    34 00000017 80E30F                  and bl, 0f
    35 0000001A 881C25[00000000]        mov byte[num2], bl
    36                                 
    37                                 
    38 00000021 8A0425[00000000]        mov al, byte[num1]
    39 00000028 020425[00000000]        add al, byte[num2]
    40 0000002F 880425[00000000]        mov byte[sum], al
    41                                 
    42                                 
    43 00000036 B400                    mov ah, 0
    44 00000038 8A0425[00000000]        mov al, byte[sum]
    45 0000003F B30A                    mov bl, 10
    46 00000041 F6F3                    div bl
    47 00000043 000425[00000000]        add byte[asc3+0], al
    48 0000004A 002425[01000000]        add byte[asc3+1], ah
    49                                 
    50                                 
    51 00000051 48C7C001000000          mov rax, 1
    52 00000058 48C7C701000000          mov rdi, 1
    53 0000005F 48C7C6[00000000]        mov rsi, asc1
    54 00000066 48C7C201000000          mov rdx, 1
    55 0000006D 0F05                    syscall
    56                                 
    57                                 
    58 0000006F 48C7C001000000          mov rax, 1
    59 00000076 48C7C701000000          mov rdi, 1
    60 0000007D 48C7C6[00000000]        mov rsi, plus
    61 00000084 48C7C201000000          mov rdx, 1
    62 0000008B 0F05                    syscall
    63                                 
    64                                 
    65 0000008D 48C7C001000000          mov rax, 1
    66 00000094 48C7C701000000          mov rdi, 1
    67 0000009B 48C7C6[00000000]        mov rsi, asc2
    68 000000A2 48C7C201000000          mov rdx, 1
    69 000000A9 0F05                    syscall
    70                                 
    71                                 
    72 000000AB 48C7C001000000          mov rax, 1
    73 000000B2 48C7C701000000          mov rdi, 1
    74 000000B9 48C7C6[00000000]        mov rsi, equal
    75 000000C0 48C7C201000000          mov rdx, 1
    76 000000C7 0F05                    syscall
    77                                 
    78                                 
    79 000000C9 48C7C001000000          mov rax, 1
    80 000000D0 48C7C701000000          mov rdi, 1
    81 000000D7 48C7C6[00000000]        mov rsi, asc3
    82 000000DE 48C7C203000000          mov rdx, 3
    83 000000E5 0F05                    syscall
    84                                 
    85 000000E7 48C7C03C000000          mov rax, 60
    86 000000EE 48C7C700000000          mov rdi, 0
    87 000000F5 0F05                    syscall
