     1                                 %line 1+1 quiz1.asm
     2                                 
     3                                 
     4                                 
     5                                 
     6                                 
     7                                 
     8                                 
     9                                 
    10                                 
    11                                 
    12                                 [section .data]
    13 00000000 FA                      num1 db 250
    14 00000001 C8                      num2 db 200
    15 00000002 78                      num3 db 120
    16 00000003 0000                    sum dw 0
    17 00000005 00000000                product dd 0
    18                                 
    19                                 [section .text]
    20                                 [global _start]
    21                                 
    22                                 _start:
    23                                 
    24                                 
    25 00000000 B400                    mov ah, 0
    26 00000002 8A0425[00000000]        mov al, byte[num1]
    27 00000009 020425[00000000]        add al, byte[num2]
    28 00000010 80D400                  adc ah, 0
    29 00000013 66890425[00000000]      mov word[sum], ax
    30                                 
    31                                 
    32                                 
    33 0000001B 8A1425[00000000]        mov dl, byte[num3]
    34 00000022 660FB6D2                movzx dx, dl
    35                                 
    36                                 
    37 00000026 66F7E2                  mul dx
    38 00000029 890425[00000000]        mov dword[product], eax
    39                                 
    40                                 
    41                                 
    42                                 
    43                                 
    44                                 
    45                                 
    46                                 
    47                                 
    48                                 
    49                                 
    50                                 
    51                                 
    52                                 
    53 00000030 48C7C03C000000          mov rax, 60
    54 00000037 48C7C700000000          mov rdi, 0
    55 0000003E 0F05                    syscall
    56                                 
