     1                                 %line 1+1 macro.asm
     2                                 
     3                                 
     4                                 %line 17+1 macro.asm
     5                                 
     6                                 [section .data]
     7 00000000 620000004D00000033-     list dd 98, 77, 51, 32, 103, 27
     8 00000000 000000200000006700-
     9 00000000 00001B000000       
    10 00000018 06000000                list_length dd 6
    11                                 
    12                                 [section .text]
    13                                 [global _start]
    14                                 
    15                                 _start:
    16                                 
    17                                 
    18                                 %line 27+0 macro.asm
    19 00000000 8B0C25[00000000]        mov ecx, [list_length]
    20                                 
    21                                 ..@3.loopArray:
    22 00000007 678B04B5[00000000]      mov eax, dword[list + esi * 4]
    23 0000000F BB02000000              mov ebx, 2
    24 00000014 F7E3                    mul ebx
    25 00000016 678904B5[00000000]      mov dword[list + esi * 4], eax
    26 0000001E FFC6                    inc esi
    27 00000020 E2E3                    loop ..@3.loopArray
    28                                 
    29                                 
    30                                 %line 28+1 macro.asm
    31                                 last:
    32 00000022 48C7C03C000000          mov rax, 60
    33 00000029 48C7C700000000          mov rdi, 0
    34 00000030 0F05                    syscall
