     1                                 %line 1+1 ex7_cinNum.asm
     2                                 
     3                                 
     4                                 
     5                                 
     6                                 
     7                                 
     8                                 
     9                                 
    10                                 
    11                                 
    12                                 
    13                                 
    14                                 
    15                                 
    16                                 [section .bss]
    17 00000000 <gap>                   num resb 1
    18 00000001 <gap>                   buffer resb 1
    19                                 
    20                                 [section .data]
    21 00000000 496E7075742061206E-     mesg db "Input a number (0~9): "
    22 00000000 756D6265722028307E-
    23 00000000 39293A20           
    24 00000016 20697320616E206576-     even db " is an even number", 10
    25 00000016 656E206E756D626572-
    26 00000016 0A                 
    27 00000029 20697320616E206F64-     odd db " is an odd number", 10
    28 00000029 64206E756D6265720A 
    29                                 
    30                                 [section .text]
    31                                 [global _start]
    32                                 _start:
    33                                 
    34 00000000 48C7C001000000          mov rax, 1
    35 00000007 48C7C701000000          mov rdi, 1
    36 0000000E 48C7C6[00000000]        mov rsi, mesg
    37 00000015 48C7C216000000          mov rdx, 22
    38 0000001C 0F05                    syscall
    39                                 
    40                                 
    41 0000001E 48C7C000000000          mov rax, 0
    42 00000025 48C7C700000000          mov rdi, 0
    43 0000002C 48C7C6[00000000]        mov rsi, buffer
    44 00000033 48C7C202000000          mov rdx, 2
    45 0000003A 0F05                    syscall
    46 0000003C 8A0425[00000000]        mov al, byte[buffer]
    47 00000043 240F                    and al, 0f
    48 00000045 880425[00000000]        mov byte[num], al
    49                                 
    50                                 
    51 0000004C B400                    mov ah,0
    52 0000004E 8A0425[00000000]        mov al, byte[num]
    53 00000055 B302                    mov bl, 2
    54 00000057 F6F3                    div bl
    55 00000059 80FC00                  cmp ah, 0
    56 0000005C 753C                    jnz odd_num
    57                                 
    58 0000005E 48C7C001000000          mov rax, 1
    59 00000065 48C7C701000000          mov rdi, 1
    60 0000006C 48C7C6[00000000]        mov rsi, buffer
    61 00000073 48C7C201000000          mov rdx, 1
    62 0000007A 0F05                    syscall
    63                                 
    64 0000007C 48C7C001000000          mov rax, 1
    65 00000083 48C7C701000000          mov rdi, 1
    66 0000008A 48C7C6[00000000]        mov rsi, even
    67 00000091 48C7C213000000          mov rdx, 19
    68 00000098 0F05                    syscall
    69 0000009A EB3A                    jmp done
    70                                 
    71                                 odd_num:
    72                                 
    73 0000009C 48C7C001000000          mov rax, 1
    74 000000A3 48C7C701000000          mov rdi, 1
    75 000000AA 48C7C6[00000000]        mov rsi, buffer
    76 000000B1 48C7C201000000          mov rdx, 1
    77 000000B8 0F05                    syscall
    78                                 
    79 000000BA 48C7C001000000          mov rax, 1
    80 000000C1 48C7C701000000          mov rdi, 1
    81 000000C8 48C7C6[00000000]        mov rsi, odd
    82 000000CF 48C7C212000000          mov rdx, 18
    83 000000D6 0F05                    syscall
    84                                 done:
    85 000000D8 48C7C03C000000          mov rax, 60
    86 000000DF 48C7C700000000          mov rdi, 0
    87 000000E6 0F05                    syscall
