     1                                 %line 1+1 fizzbuzz.asm
     2                                 
     3                                 
     4                                 
     5                                 
     6                                 
     7                                 
     8                                 
     9                                 
    10                                 
    11                                 
    12                                 
    13                                 
    14                                 
    15                                 
    16                                 
    17                                 
    18                                 
    19                                 
    20                                 
    21                                 
    22                                 
    23                                 
    24                                 
    25                                 
    26                                 
    27                                 
    28                                 
    29                                 
    30                                 
    31                                 
    32                                 
    33                                 
    34                                 
    35                                 
    36                                 
    37                                 [section .data]
    38 00000000 0F00                    tnum dw 15
    39 00000002 46697A7A00              fizz db "Fizz", 0
    40 00000007 42757A7A0A              buzz db "Buzz", 10
    41                                 
    42                                 [section .text]
    43                                 [global _start]
    44                                 
    45                                 _start:
    46                                 
    47                                 
    48 00000000 668B0425[00000000]      mov ax, word[tnum]
    49 00000008 66BA0000                mov dx, 0
    50 0000000C 66B90300                mov cx, 3
    51 00000010 66F7F1                  div cx
    52 00000013 6683FA00                cmp dx, 0
    53                                 
    54 00000017 7441                    je div_3
    55                                 
    56                                 
    57                                 
    58                                 
    59 00000019 668B0425[00000000]      mov ax, word[tnum]
    60 00000021 668B0425[00000000]      mov ax, word[tnum]
    61 00000029 66BA0000                mov dx, 0
    62 0000002D 66B90500                mov cx, 5
    63 00000031 66F7F1                  div cx
    64 00000034 6683FA00                cmp dx, 0
    65                                 
    66 00000038 7400                    je div_5
    67 0000003A EB55                    jmp end
    68                                 
    69                                 
    70                                 
    71                                 
    72                                  div_5:
    73 0000003C 48C7C001000000          mov rax, 1
    74 00000043 48C7C701000000          mov rdi, 1
    75 0000004A 48C7C6[00000000]        mov rsi, buzz
    76 00000051 48C7C205000000          mov rdx, 5
    77 00000058 0F05                    syscall
    78 0000005A EB35                    jmp end
    79                                 
    80                                 
    81                                 
    82                                 
    83                                  div_3:
    84 0000005C 48C7C001000000          mov rax, 1
    85 00000063 48C7C701000000          mov rdi, 1
    86 0000006A 48C7C6[00000000]        mov rsi, fizz
    87 00000071 48C7C204000000          mov rdx, 4
    88 00000078 0F05                    syscall
    89                                 
    90                                 
    91                                 
    92                                 
    93 0000007A 668B0425[00000000]      mov ax, word[tnum]
    94 00000082 66BA0000                mov dx, 0
    95 00000086 66B90500                mov cx, 5
    96 0000008A 66F7F1                  div cx
    97 0000008D 6683FA00                cmp dx, 0
    98 00000091 74A7                    je div_5
    99                                 
   100                                 
   101                                 
   102                                 
   103                                  end:
   104                                 
   105 00000093 48C7C03C000000          mov rax, 60
   106 0000009A 48C7C700000000          mov rdi, 0
   107 000000A1 0F05                    syscall
