     1                                 %line 1+1 ex3_multiplication2.asm
     2                                 
     3                                 
     4                                 
     5                                 
     6                                 
     7                                 [section .data]
     8 00000000 C409                    num1 dw 2500
     9 00000002 AC0D                    num2 dw 3500
    10 00000004 00000000                mult dd 0
    11                                 
    12                                 [section .text]
    13                                 [global _start]
    14                                 
    15                                 _start:
    16                                 
    17                                 
    18                                 
    19                                 
    20 00000000 668B0425[00000000]      mov ax, word[num1]
    21                                 
    22                                 
    23                                 
    24 00000008 66F72425[00000000]      mul word[num2]
    25                                 
    26                                 
    27                                 
    28                                 
    29                                 
    30 00000010 66890425[00000000]      mov word[mult], ax
    31                                 
    32                                 
    33 00000018 66891425[02000000]      mov word[mult+2], dx
    34                                 
    35 00000020 48C7C03C000000          mov rax, 60
    36 00000027 48C7C700000000          mov rdi, 0
    37 0000002E 0F05                    syscall
