     1                                 %line 1+1 stack.asm
     2                                 [section .data]
     3 00000000 79007A007B007C007D-    numbers dw 121, 122, 123, 124, 125
     4 00000000 00                 
     5                                 
     6                                 [section .bss]
     7 00000000 <gap>                  reverse resw 5
     8                                 
     9                                 [section .text]
    10                                 [global _start]
    11                                 
    12                                 _start:
    13 00000000 48C7C600000000          mov rsi, 0
    14 00000007 48C7C105000000          mov rcx, 5
    15                                 
    16                                 pushLoop:
    17 0000000E 48C7C000000000          mov rax, 0
    18 00000015 668B86[00000000]        mov ax, word[numbers + rsi]
    19 0000001C 4883C602                add rsi, 2
    20 00000020 50                      push rax
    21                                 
    22 00000021 48FFC9                  dec rcx
    23 00000024 4883F900                cmp rcx, 0
    24 00000028 75E2                    jne pushLoop
    25                                 
    26                                 
    27                                 
    28 0000002A 48C7C600000000          mov rsi, 0
    29 00000031 48C7C105000000          mov rcx, 5
    30                                 popLoop:
    31 00000038 58                      pop rax
    32 00000039 488986[00000000]        mov qword[reverse + rsi], rax
    33 00000040 4883C602                add rsi, 2
    34                                 
    35 00000044 48FFC9                  dec rcx
    36 00000047 4883F900                cmp rcx, 0
    37 0000004B 75E9                    jne popLoop
    38                                 
    39                                 
    40                                 end:
    41 0000004D 48C7C03C000000          mov rax, 60
    42 00000054 48C7C700000000          mov rdi, 0
    43 0000005B 0F05                    syscall
    44                                 
    45                                 
    46                                 
