     1                                 %line 1+1 stack2.asm
     2                                 [section .data]
     3 00000000 79007A007B007C007D-    numbers dw 121, 122, 123, 124, 125
     4 00000000 00                 
     5                                 
     6                                 [section .bss]
     7 00000000 <gap>                  reverse resw 5
     8                                 
     9                                 [section .text]
    10                                 [global _start]
    11                                 
    12                                 _start:
    13 00000000 48C7C105000000          mov rcx, 5
    14 00000007 48C7C600000000          mov rsi, 0
    15                                 
    16                                 pushLoop:
    17 0000000E 488B8436[00000000]      mov rax, qword[numbers + rsi*2]
    18 00000016 50                      push rax
    19 00000017 48FFC6                  inc rsi
    20                                 
    21 0000001A 48FFC9                  dec rcx
    22 0000001D 4883F900                cmp rcx, 0
    23 00000021 75E9                    jne pushLoop
    24                                 
    25 00000023 48C7C105000000          mov rcx, 5
    26 0000002A 48C7C600000000          mov rsi, 0
    27                                 
    28                                 popLoop:
    29 00000031 58                      pop rax
    30 00000032 48898436[00000000]      mov qword[reverse + rsi*2], rax
    31                                 
    32 0000003A 48FFC6                  inc rsi
    33                                 
    34 0000003D 48FFC9                  dec rcx
    35 00000040 4883F900                cmp rcx, 0
    36 00000044 75E9                    jne popLoop
    37                                 
    38                                 end:
    39 00000046 48C7C03C000000          mov rax, 60
    40 0000004D 48C7C700000000          mov rdi, 0
    41 00000054 0F05                    syscall
    42                                 
