     1                                 %line 1+1 fizzbuzz.asm
     2                                 
     3                                 
     4                                 
     5                                 
     6                                 
     7                                 
     8                                 
     9                                 
    10                                 
    11                                 
    12                                 
    13                                 
    14                                 
    15                                 
    16                                 
    17                                 
    18                                 
    19                                 
    20                                 
    21                                 
    22                                 
    23                                 
    24                                 
    25                                 
    26                                 
    27                                 
    28                                 
    29                                 
    30                                 
    31                                 
    32                                 
    33                                 
    34                                 
    35                                 
    36                                 
    37                                 [section .data]
    38 00000000 04                      tnum db 4
    39 00000001 46697A7A00              fizz db "Fizz", 0
    40 00000006 42757A7A0A              buzz db "Buzz", 10
    41                                 
    42                                 [section .text]
    43                                 [global _start]
    44                                 
    45                                 _start:
    46                                 
    47                                 
    48 00000000 8A0425[00000000]        mov al, byte[tnum]
    49 00000007 B400                    mov ah, 0
    50 00000009 B102                    mov cl, 2
    51 0000000B F6F1                    div cl
    52 0000000D 80FC00                  cmp ah, 0
    53                                 
    54 00000010 7432                    je div_2
    55                                 
    56                                 
    57                                  check3:
    58 00000012 8A0425[00000000]        mov al, byte[tnum]
    59 00000019 B400                    mov ah, 0
    60 0000001B B103                    mov cl, 3
    61 0000001D F6F1                    div cl
    62 0000001F 80FC00                  cmp ah, 0
    63                                 
    64 00000022 7400                    je div_3
    65 00000024 EB3E                    jmp end
    66                                 
    67                                 
    68                                 
    69                                 
    70                                  div_3:
    71 00000026 48C7C001000000          mov rax, 1
    72 0000002D 48C7C701000000          mov rdi, 1
    73 00000034 48C7C6[00000000]        mov rsi, buzz
    74 0000003B 48C7C205000000          mov rdx, 5
    75 00000042 0F05                    syscall
    76 00000044 EB1E                    jmp end
    77                                 
    78                                 
    79                                 
    80                                 
    81                                  div_2:
    82 00000046 48C7C001000000          mov rax, 1
    83 0000004D 48C7C701000000          mov rdi, 1
    84 00000054 48C7C6[00000000]        mov rsi, fizz
    85 0000005B 48C7C204000000          mov rdx, 4
    86 00000062 0F05                    syscall
    87 00000064 EBAA                    jmp check3
    88                                 
    89                                 
    90                                 
    91                                 
    92                                  end:
    93                                 
    94 00000066 48C7C03C000000          mov rax, 60
    95 0000006D 48C7C700000000          mov rdi, 0
    96 00000074 0F05                    syscall
