     1                                 %line 1+1 q2.asm
     2                                 
     3                                 
     4                                 
     5                                 
     6                                 
     7                                 
     8                                 
     9                                 
    10                                 
    11                                 
    12                                 
    13                                 
    14                                 [section .data]
    15 00000000 F417222DC843B2595A-     num db -12, 23, 34, 45, -56, 67, -78, 89, 90, 0
    16 00000000 00                 
    17                                 
    18                                 [section .bss]
    19 00000000 <gap>                   posTotal resw 1
    20 00000002 <gap>                   negTotal resw 1
    21                                 
    22                                 [section .text]
    23                                 [global _start]
    24                                 
    25                                 _start:
    26                                 
    27 00000000 66C70425[00000000]-     mov word[posTotal], 0
    28 00000000 0000               
    29 0000000A 66C70425[00000000]-     mov word[negTotal], 0
    30 0000000A 0000               
    31 00000014 48C7C100000000          mov rcx, 0
    32                                 
    33                                 while:
    34                                 
    35 0000001B 8A81[00000000]          mov al, byte[num + rcx]
    36 00000021 3C00                    cmp al, 0
    37 00000023 741E                    je end
    38                                 
    39 00000025 7F0D                    jg pos
    40                                 
    41 00000027 6698                    cbw
    42 00000029 66010425[00000000]      add word[negTotal], ax
    43                                 
    44 00000031 48FFC1                  inc rcx
    45 00000034 EBE3                    jmp while
    46                                 
    47                                 
    48                                 pos:
    49 00000036 6698                    cbw
    50 00000038 66010425[00000000]      add word[posTotal], ax
    51 00000040 48FFC1                  inc rcx
    52 00000043 EBD4                    jmp while
    53                                 
    54                                 end:
    55 00000045 48C7C03C000000          mov rax, 60
    56 0000004C 48C7C700000000          mov rdi, 0
    57 00000053 0F05                    syscall
    58                                 
