     1                                 %line 1+1 macros2.asm
     2                                 
     3                                 
     4                                 
     5                                 
     6                                 %line 19+1 macros2.asm
     7                                 
     8                                 [section .data]
     9 00000000 7D000000CF03000052-     array1 dd 125, 975, 82, 308, 50, 23
    10 00000000 000000340100003200-
    11 00000000 000017000000       
    12 00000018 06000000                length1 dd 6
    13 0000001C 0D0000007900000058-     array2 dd 13, 121, 88, 100, 145, 54, 19
    14 0000001C 000000640000009100-
    15 0000001C 000036000000130000-
    16 0000001C 00                 
    17 00000038 07000000                length2 dd 7
    18                                 
    19                                 [section .bss]
    20 00000000 <gap>                   average1 resd 1
    21 00000004 <gap>                   average2 resd 1
    22                                 
    23                                 
    24                                 [section .text]
    25                                 [global _start]
    26                                 
    27                                 _start:
    28 00000000 8B0C25[00000000]        mov ecx, dword[length1]
    29                                 %line 35+0 macros2.asm
    30 00000007 BE00000000              mov esi, 0
    31 0000000C 48C7C000000000          mov rax, 0
    32                                 ..@4.arr_loop:
    33 00000013 670304B5[00000000]      add eax, dword[array1 + esi * 4]
    34 0000001B FFC6                    inc esi
    35 0000001D E2F2                    loop ..@4.arr_loop
    36                                 
    37 0000001F BA00000000              mov edx, 0
    38 00000024 F73425[00000000]        div dword[length1]
    39 0000002B 890425[00000000]        mov dword[average1], eax
    40                                 
    41                                 %line 36+1 macros2.asm
    42 00000032 8B0C25[00000000]        mov ecx, dword[length2]
    43                                 %line 36+0 macros2.asm
    44 00000039 BE00000000              mov esi, 0
    45 0000003E 48C7C000000000          mov rax, 0
    46                                 ..@5.arr_loop:
    47 00000045 670304B5[00000000]      add eax, dword[array2 + esi * 4]
    48 0000004D FFC6                    inc esi
    49 0000004F E2F2                    loop ..@5.arr_loop
    50                                 
    51 00000051 BA00000000              mov edx, 0
    52 00000056 F73425[00000000]        div dword[length2]
    53 0000005D 890425[00000000]        mov dword[average2], eax
    54                                 
    55                                 %line 37+1 macros2.asm
    56                                 
    57                                 end:
    58 00000064 48C7C03C000000          mov rax, 60
    59 0000006B BF00000000              mov edi, 0
    60 00000070 0F05                    syscall
