     1                                 %line 1+1 q3.asm
     2                                 
     3                                 
     4                                 
     5                                 
     6                                 
     7                                 
     8                                 
     9                                 
    10                                 
    11                                 
    12                                 
    13                                 
    14                                 
    15                                 
    16                                 
    17                                 
    18                                 [section .data]
    19                                 
    20                                 
    21 00000000 409C                   num1 dw 40000
    22 00000002 60EA                   num2 dw 60000
    23 00000004 50C3                   num3 dw 50000
    24 00000006 C900                   num4 dw 201
    25 00000008 00000000               sum dd 0
    26 0000000C 0000000000000000       product dq 0
    27 00000014 00000000               quotient dd 0
    28 00000018 00000000               remainder dd 0
    29                                 
    30                                 [section .text]
    31                                 
    32                                 [global _start]
    33                                 
    34                                 _start:
    35                                 
    36 00000000 668B0425[00000000]      mov ax, word[num1]
    37 00000008 66030425[00000000]      add ax, word[num2]
    38                                 
    39                                 
    40                                 
    41                                 
    42                                 
    43                                 
    44                                 
    45                                 
    46                                 
    47                                 
    48 00000010 6683D100                adc cx, 0
    49                                 
    50                                 
    51                                 
    52                                 
    53                                 
    54 00000014 66890425[00000000]      mov word[sum], ax
    55                                 
    56                                 
    57                                 
    58                                 
    59                                 
    60                                 
    61 0000001C 66890C25[02000000]      mov word[sum+2], cx
    62                                 
    63                                 
    64                                 
    65                                 
    66                                 
    67 00000024 8B0425[00000000]        mov eax, dword[sum]
    68                                 
    69                                 
    70                                 
    71                                 
    72                                 
    73                                 
    74                                 
    75                                 
    76                                 
    77                                 
    78                                 
    79                                 
    80                                 
    81                                 
    82                                 
    83 0000002B 668B1425[00000000]      mov dx, word[num3]
    84                                 
    85                                 
    86 00000033 0FB7D2                  movzx edx, dx
    87                                 
    88                                 
    89                                 
    90                                 
    91                                 
    92                                 
    93                                 
    94 00000036 F7E2                    mul edx
    95                                 
    96                                 
    97                                 
    98                                 
    99                                 
   100 00000038 890425[00000000]        mov dword[product], eax
   101                                 
   102                                 
   103                                 
   104                                 
   105                                 
   106                                 
   107                                 
   108 0000003F 891425[04000000]        mov dword[product + 4], edx
   109                                 
   110                                 
   111                                 
   112                                 
   113                                 
   114                                 
   115                                 
   116                                 
   117                                 
   118                                 
   119                                 
   120 00000046 8B0425[00000000]        mov eax, dword[product]
   121 0000004D 8B1425[04000000]        mov edx, dword[product+4]
   122                                 
   123                                 
   124                                 
   125                                 
   126                                 
   127 00000054 668B0C25[00000000]      mov cx, word[num4]
   128 0000005C 0FB7C9                  movzx ecx, cx
   129                                 
   130                                 
   131                                 
   132 0000005F F7F1                    div ecx
   133                                 
   134                                 
   135 00000061 890425[00000000]        mov dword[quotient], eax
   136 00000068 891425[00000000]        mov dword[remainder], edx
   137                                 
   138                                 
   139 0000006F 48C7C03C000000          mov rax, 60
   140 00000076 48C7C700000000          mov rdi, 0
   141 0000007D 0F05                    syscall
   142                                 
   143                                 
   144                                 
