     1                                 %line 19+1 macros2.asm
     2                                 
     3                                 
     4                                 [section .data]
     5 00000000 620000004D00000033-     list dd 98, 77, 51, 32, 103, 27
     6 00000000 000000200000006700-
     7 00000000 00001B000000       
     8 00000018 010000000200000003-     list2 dd 1, 2, 3, 4, 5, 6, 7
     9 00000018 000000040000000500-
    10 00000018 000006000000070000-
    11 00000018 00                 
    12 00000034 07000000                length2 dd 7
    13 00000038 06000000                length dd 6
    14                                 
    15                                 [section .text]
    16                                 [global _start]
    17                                 _start:
    18                                 
    19 00000000 488B0C25[00000000]      mov rcx, [length]
    20                                 %line 31+0 macros2.asm
    21 00000008 48C7C600000000          mov rsi, 0
    22                                 
    23                                 ..@3.listLoop
    24 0000000F 8B04B5[00000000]        mov eax, dword[list + rsi * 4]
    25 00000016 BB02000000              mov ebx, 2
    26                                 
    27 0000001B F7E3                    mul ebx
    28                                 
    29 0000001D 8904B5[00000000]        mov dword[list + rsi * 4], eax
    30 00000024 48FFC6                  inc rsi
    31                                 
    32 00000027 48FFC9                  dec rcx
    33 0000002A 4883F900                cmp rcx, 0
    34 0000002E 75DD                    jne ..@3.listLoop
    35                                 
    36                                 %line 32+1 macros2.asm
    37 00000030 488B0C25[00000000]      mov rcx, [length2]
    38                                 %line 32+0 macros2.asm
    39 00000038 48C7C600000000          mov rsi, 0
    40                                 
    41                                 ..@4.listLoop
    42 0000003F 8B04B5[00000000]        mov eax, dword[list2 + rsi * 4]
    43 00000046 BB02000000              mov ebx, 2
    44                                 
    45 0000004B F7E3                    mul ebx
    46                                 
    47 0000004D 8904B5[00000000]        mov dword[list2 + rsi * 4], eax
    48 00000054 48FFC6                  inc rsi
    49                                 
    50 00000057 48FFC9                  dec rcx
    51 0000005A 4883F900                cmp rcx, 0
    52 0000005E 75DD                    jne ..@4.listLoop
    53                                 
    54                                 %line 33+1 macros2.asm
    55                                 
    56                                 
    57 00000060 48C7C03C000000          mov rax, 60
    58 00000067 48C7C700000000          mov rdi, 0
    59 0000006E 0F05                    syscall
    60                                 
