     1                                 %line 1+1 summation.asm
     2                                 
     3                                 
     4                                 
     5                                 [section .data]
     6                                 
     7 00000000 0F00000000000000        n dq 15
     8 00000008 0000000000000000        sum dq 0
     9                                 
    10                                 [section .text]
    11                                 [global _start]
    12                                 
    13                                 _start:
    14 00000000 488B0C25[00000000]      mov rcx, qword[n]
    15 00000008 48C7C000000000          mov rax, 0
    16                                 
    17                                  summation_loop:
    18 0000000F 4801C8                  add rax, rcx
    19 00000012 48FFC9                  dec rcx
    20                                 
    21 00000015 48890425[00000000]      mov qword[sum], rax
    22                                 
    23 0000001D 4883F900                cmp rcx, 0
    24 00000021 75EA                    jne summation_loop
    25                                 
    26                                 
    27                                 
    28 00000023 48C7C03C000000          mov rax, 60
    29 0000002A 48C7C700000000          mov rdi, 0
    30 00000031 0F05                    syscall
