     1                                 %line 1+1 forloop.asm
     2                                 
     3                                 
     4                                 
     5                                 
     6                                 
     7                                 
     8                                 
     9                                 [section .data]
    10                                 
    11 00000000 0A000000               product dd 10
    12                                 
    13                                 [section .text]
    14                                 
    15                                 [global _start]
    16                                 
    17                                 _start:
    18                                 
    19 00000000 8B0C25[00000000]        mov ecx, dword[product]
    20 00000007 B801000000              mov eax, 1
    21                                 forloop:
    22 0000000C F7E1                    mul ecx
    23                                 
    24                                 
    25                                 
    26                                 
    27 0000000E E2FA                    loop forloop
    28                                 
    29 00000010 890425[00000000]        mov dword[product], eax
    30                                 
    31 00000017 48C7C03C000000          mov rax, 60
    32 0000001E 48C7C700000000          mov rdi, 0
    33 00000025 0F05                    syscall
    34                                 
    35                                 
    36                                 
