     1                                 %line 1+1 area_triangle3.asm
     2                                 
     3                                 
     4                                 
     5                                 
     6                                 
     7                                 
     8                                 [section .data]
     9                                 
    10                                 
    11                                 
    12 00000000 2C01                    base dw 300
    13 00000002 F401                    height dw 500
    14 00000004 00000000                area dd 0
    15                                 
    16                                 [section .text]
    17                                 [global _start]
    18                                 
    19                                 _start:
    20                                 
    21                                 
    22                                 
    23                                 
    24                                 
    25 00000000 668B0425[00000000]      mov ax, word[base]
    26                                 
    27                                 
    28                                 
    29                                 
    30                                 
    31 00000008 66F72425[00000000]      mul word[height]
    32                                 
    33                                 
    34                                 
    35                                 
    36                                 
    37                                 
    38                                 
    39                                 
    40 00000010 66890425[00000000]      mov word[area], ax
    41 00000018 66891425[02000000]      mov word[area+2], dx
    42                                 
    43                                 
    44                                 
    45 00000020 66BA0000                mov dx, 0
    46                                 
    47                                 
    48                                 
    49 00000024 8B0425[00000000]        mov eax, dword[area]
    50                                 
    51                                 
    52                                 
    53 0000002B B902000000              mov ecx, 2
    54                                 
    55                                 
    56 00000030 F7F1                    div ecx
    57                                 
    58                                 
    59 00000032 890425[00000000]        mov dword[area], eax
    60                                 
    61                                 
    62                                 
    63                                 
    64                                 
    65 00000039 48C7C03C000000          mov rax, 60
    66 00000040 48C7C700000000          mov rdi, 0
    67 00000047 0F05                    syscall
    68                                 
