     1                                 %line 1+1 hello.asm
     2                                 
     3                                 
     4                                 
     5                                 
     6                                 
     7                                 
     8                                 
     9                                 [section .data]
    10                                 
    11                                 
    12                                 
    13                                 
    14                                 
    15 00000000 48656C6C6F2C20576F-     text db "Hello, World!", 10
    16 00000000 726C64210A         
    17                                 
    18                                 
    19                                 
    20                                 [section .text]
    21                                 
    22                                 
    23                                 [global _start]
    24                                 
    25                                 
    26                                 
    27                                 _start:
    28                                 
    29                                 
    30                                 
    31                                 
    32                                 
    33                                 
    34                                 
    35                                 
    36                                 
    37                                 
    38                                 
    39                                 
    40                                 
    41                                 
    42                                 
    43                                 
    44                                 
    45                                 
    46                                 
    47                                 
    48                                 
    49                                 
    50 00000000 48C7C001000000          mov rax, 1
    51 00000007 48C7C701000000          mov rdi, 1
    52 0000000E 48C7C6[00000000]        mov rsi, text
    53 00000015 48C7C20E000000          mov rdx, 14
    54 0000001C 0F05                    syscall
    55                                 
    56                                 
    57                                 
    58                                 
    59                                 
    60                                 
    61                                 
    62                                 
    63                                 
    64 0000001E 48C7C03C000000          mov rax, 60
    65 00000025 48C7C700000000          mov rdi, 0
    66 0000002C 0F05                    syscall
