     1                                 %line 1+1 q1.asm
     2                                 
     3                                 
     4                                 
     5                                 
     6                                 
     7                                 
     8                                 [section .data]
     9 00000000 0D00                   num1 dw 13
    10 00000002 0200                   num2 dw 2
    11 00000004 0400                   num3 dw 4
    12                                 
    13                                 
    14                                 [section .text]
    15                                 [global _start]
    16                                 _start:
    17 00000000 668B0425[00000000]      mov ax, word[num1]
    18 00000008 668B1C25[00000000]      mov bx, word[num2]
    19 00000010 6601D8                  add ax, bx
    20                                 
    21                                 
    22                                 
    23                                 
    24                                 
    25                                 
    26 00000013 66F7E3                  mul bx
    27 00000016 6629D8                  sub ax, bx
    28                                 
    29 00000019 66890425[00000000]      mov word[num3], ax
    30                                 
    31                                 
    32                                 
    33                                 
    34                                 
    35                                 
    36                                 
    37                                 
    38                                 
    39                                 
    40 00000021 48C7C03C000000          mov rax, 60
    41 00000028 48C7C700000000          mov rdi, 0
    42 0000002F 0F05                    syscall
    43                                 
