     1                                 %line 1+1 q4.asm
     2                                 
     3                                 
     4                                 
     5                                 %line 11+1 q4.asm
     6                                 
     7                                 
     8                                 [section .data]
     9 00000000 6162630A               str1 db "abc", 10
    10                                 
    11 00000004 313233                 str2 db "123"
    12                                 
    13                                 
    14                                 [section .text]
    15                                 [global _start]
    16                                 _start:
    17                                 
    18                                 
    19                                 
    20 00000000 48C7C001000000          mov rax, 1
    21                                 %line 25+0 q4.asm
    22 00000007 48C7C701000000          mov rdi, 1
    23 0000000E 48C7C6[00000000]        mov rsi, str1
    24 00000015 48C7C204000000          mov rdx, 4
    25 0000001C 0F05                    syscall
    26                                 %line 26+1 q4.asm
    27                                 
    28                                 
    29 0000001E 48C7C001000000          mov rax, 1
    30                                 %line 28+0 q4.asm
    31 00000025 48C7C701000000          mov rdi, 1
    32 0000002C 48C7C6[00000000]        mov rsi, str2
    33 00000033 48C7C203000000          mov rdx, 3
    34 0000003A 0F05                    syscall
    35                                 %line 29+1 q4.asm
    36                                 
    37                                 
    38                                 
    39                                 
    40                                 
    41                                 
    42                                 
    43                                 
    44                                 
    45                                 
    46                                 
    47                                 
    48                                 
    49 0000003C 48C7C03C000000          mov rax, 60
    50 00000043 48C7C700000000          mov rdi, 0
    51 0000004A 0F05                    syscall
