     1                                 %line 1+1 q6.asm
     2                                 
     3                                 
     4                                 
     5                                 [section .data]
     6 00000000 C307                    number dw 1987
     7 00000002 303030300A              ascii db "0000", 0x0A
     8                                 
     9                                 
    10                                 [section .text]
    11                                 [global _start]
    12                                 _start:
    13 00000000 48C7C103000000          mov rcx, 3
    14                                 
    15                                 
    16 00000007 668B0425[00000000]      mov ax, word[number]
    17                                 
    18 0000000F 66BB0A00                mov bx, 10
    19                                 
    20                                 
    21                                 next:
    22 00000013 66BA0000                mov dx, 0
    23 00000017 66F7F3                  div bx
    24                                 
    25                                 
    26                                 
    27                                 
    28                                 
    29 0000001A 0091[00000000]          add byte[ascii+rcx], dl
    30                                 
    31                                 
    32 00000020 48FFC9                  dec rcx
    33 00000023 4883F900                cmp rcx, 0
    34 00000027 7DE8                    jge next
    35                                 
    36                                 
    37                                 
    38                                 
    39                                 
    40                                 
    41                                 
    42                                 
    43                                 
    44                                 
    45                                 
    46                                 
    47                                 
    48                                 
    49                                 done:
    50 00000029 48C7C03C000000          mov rax, 60
    51 00000030 48C7C700000000          mov rdi, 0
    52 00000037 0F05                    syscall
    53                                 
