     1                                 %line 1+1 printWoMacro.asm
     2                                 [section .data]
     3 00000000 54686973206973204D-     msg1 db "This is Message 1", 10
     4 00000000 65737361676520310A 
     5 00000012 54686973206973204D-     msg2 db "This is Message 2", 10
     6 00000012 65737361676520320A 
     7 00000024 54686973206973204D-     msg3 db "This is Message 3", 10
     8 00000024 65737361676520330A 
     9 00000036 54686973206973204D-     msg4 db "This is Message 4", 10
    10 00000036 65737361676520340A 
    11                                 
    12                                 [section .text]
    13                                 [global _start]
    14                                 _start:
    15 00000000 48C7C001000000          mov rax, 1
    16 00000007 48C7C701000000          mov rdi, 1
    17 0000000E 48BE54686973206973-     mov rsi, "This is Message 1"
    18 0000000E 20                 
    19 00000018 48C7C212000000          mov rdx, 18
    20 0000001F 0F05                    syscall
    21                                 
    22 00000021 48C7C001000000          mov rax, 1
    23 00000028 48C7C701000000          mov rdi, 1
    24 0000002F 48C7C6[00000000]        mov rsi, msg2
    25 00000036 48C7C212000000          mov rdx, 18
    26 0000003D 0F05                    syscall
    27                                 
    28 0000003F 48C7C001000000          mov rax, 1
    29 00000046 48C7C701000000          mov rdi, 1
    30 0000004D 48C7C6[00000000]        mov rsi, msg3
    31 00000054 48C7C212000000          mov rdx, 18
    32 0000005B 0F05                    syscall
    33                                 
    34 0000005D 48C7C001000000          mov rax, 1
    35 00000064 48C7C701000000          mov rdi, 1
    36 0000006B 48C7C6[00000000]        mov rsi, msg4
    37 00000072 48C7C212000000          mov rdx, 18
    38 00000079 0F05                    syscall
    39                                 
    40 0000007B 48C7C03C000000          mov rax, 60
    41 00000082 48C7C700000000          mov rdi, 0
    42 00000089 0F05                    syscall
