     1                                 %line 8+1 printWMacro.asm
     2                                 
     3                                 [section .data]
     4 00000000 54686973206973204D-     msg1 db "This is Message 1", 10
     5 00000000 65737361676520310A 
     6 00000012 54686973206973204D-     msg2 db "This is Message 2", 10
     7 00000012 65737361676520320A 
     8 00000024 54686973206973204D-     msg3 db "This is Message 3", 10
     9 00000024 65737361676520330A 
    10 00000036 54686973206973204D-     msg4 db "This is Message 4", 10
    11 00000036 65737361676520340A 
    12                                 
    13                                 [section .text]
    14                                 [global _start]
    15                                 _start:
    16                                 
    17 00000000 48C7C001000000          mov rax, 1
    18                                 %line 19+0 printWMacro.asm
    19 00000007 48C7C701000000          mov rdi, 1
    20 0000000E 48C7C6[00000000]        mov rsi, msg1
    21 00000015 48C7C212000000          mov rdx, 18
    22 0000001C 0F05                    syscall
    23                                 %line 20+1 printWMacro.asm
    24 0000001E 48C7C001000000          mov rax, 1
    25                                 %line 20+0 printWMacro.asm
    26 00000025 48C7C701000000          mov rdi, 1
    27 0000002C 48C7C6[00000000]        mov rsi, msg2
    28 00000033 48C7C212000000          mov rdx, 18
    29 0000003A 0F05                    syscall
    30                                 %line 21+1 printWMacro.asm
    31 0000003C 48C7C001000000          mov rax, 1
    32                                 %line 21+0 printWMacro.asm
    33 00000043 48C7C701000000          mov rdi, 1
    34 0000004A 48C7C6[00000000]        mov rsi, msg3
    35 00000051 48C7C212000000          mov rdx, 18
    36 00000058 0F05                    syscall
    37                                 %line 22+1 printWMacro.asm
    38 0000005A 48C7C001000000          mov rax, 1
    39                                 %line 22+0 printWMacro.asm
    40 00000061 48C7C701000000          mov rdi, 1
    41 00000068 48C7C6[00000000]        mov rsi, msg4
    42 0000006F 48C7C212000000          mov rdx, 18
    43 00000076 0F05                    syscall
    44                                 %line 23+1 printWMacro.asm
    45                                 
    46 00000078 48C7C03C000000          mov rax, 60
    47 0000007F 48C7C700000000          mov rdi, 0
    48 00000086 0F05                    syscall
