     1                                 %line 1+1 sub_base.asm
     2                                 
     3                                 
     4                                 
     5                                 
     6                                 [section .data]
     7                                 
     8                                 
     9                                 
    10                                 
    11 00000000 64                      num1 db 100
    12 00000001 C8                      num2 db 200
    13 00000002 0000                    dif dw 0
    14                                 
    15                                 [section .text]
    16                                 [global _start]
    17                                 
    18                                 _start:
    19                                 
    20 00000000 8A0425[00000000]        mov al, byte[num1]
    21                                 
    22                                 
    23                                 
    24 00000007 2A0425[00000000]        sub al, byte[num2]
    25                                 
    26                                 
    27                                 
    28                                 
    29                                 
    30                                 
    31                                 
    32                                 
    33                                 
    34 0000000E 80DC00                  sbb ah, 0
    35                                 
    36                                 
    37                                 
    38 00000011 66890425[00000000]      mov word[dif], ax
    39                                 
    40 00000019 48C7C03C000000          mov rax, 60
    41 00000020 48C7C700000000          mov rdi, 0
    42 00000027 0F05                    syscall
