     1                                 %line 1+1 divLoop.asm
     2                                 
     3                                 
     4                                 
     5                                 [section .data]
     6 00000000 D204                    num dw 1234
     7 00000002 30303030                ascii db '0000'
     8                                 
     9                                 [section .text]
    10                                 [global _start]
    11                                 _start:
    12 00000000 48C7C103000000          mov rcx, 3
    13 00000007 66BB0A00                mov bx, 10
    14 0000000B 668B0425[00000000]      mov ax, word[num]
    15                                 divLoop:
    16 00000013 66BA0000                mov dx, 0
    17 00000017 66F7F3                  div bx
    18                                 
    19 0000001A 0091[00000000]          add byte[ascii + rcx], dl
    20                                 
    21 00000020 48FFC9                  dec rcx
    22 00000023 4883F900                cmp rcx, 0
    23 00000027 7DE8                    jge divLoop
    24                                 
    25                                 end:
    26 00000029 48C7C03C000000          mov rax, 60
    27 00000030 48C7C700000000          mov rdi, 0
    28 00000037 0F05                    syscall
    29                                 
    30                                 
