     1                                 %line 1+1 divNoLoop.asm
     2                                 
     3                                 
     4                                 [section .data]
     5 00000000 D204                    num dw 1234
     6 00000002 30303030                ascii db '0000'
     7                                 
     8                                 [section .text]
     9                                 [global _start]
    10                                 _start:
    11 00000000 668B0425[00000000]      mov ax, word[num]
    12 00000008 66BBE803                mov bx, 1000
    13 0000000C 48C7C200000000          mov rdx, 0
    14 00000013 66F7F3                  div bx
    15 00000016 000425[00000000]        add byte[ascii], al
    16                                 
    17 0000001D 6689D0                  mov ax, dx
    18 00000020 66BB6400                mov bx, 100
    19 00000024 48C7C200000000          mov rdx, 0
    20 0000002B 66F7F3                  div bx
    21 0000002E 000425[01000000]        add byte[ascii+1], al
    22                                 
    23 00000035 6689D0                  mov ax, dx
    24 00000038 66BB0A00                mov bx, 10
    25 0000003C 48C7C200000000          mov rdx, 0
    26 00000043 66F7F3                  div bx
    27 00000046 000425[02000000]        add byte[ascii+2], al
    28                                 
    29 0000004D 6689D0                  mov ax, dx
    30 00000050 66BB0100                mov bx, 1
    31 00000054 48C7C200000000          mov rdx, 0
    32 0000005B 66F7F3                  div bx
    33 0000005E 000425[03000000]        add byte[ascii+3], al
    34                                 
    35                                 
    36                                 end:
    37 00000065 48C7C03C000000          mov rax, 60
    38 0000006C 48C7C700000000          mov rdi, 0
    39 00000073 0F05                    syscall
