     1                                 %line 1+1 mul_sol.asm
     2                                 
     3                                 
     4                                 
     5                                 
     6                                 
     7                                 [section .data]
     8 00000000 E0930400                num1 dd 300000
     9 00000004 801A0600                num2 dd 400000
    10 00000008 0000000000000000        mult dq 0
    11                                 
    12                                 [section .text]
    13                                 [global _start]
    14                                 
    15                                 _start:
    16 00000000 8B0425[00000000]        mov eax, dword[num1]
    17 00000007 F72425[00000000]        mul dword[num2]
    18 0000000E 890425[00000000]        mov dword[mult], eax
    19 00000015 891425[04000000]        mov dword[mult+4], edx
    20                                 
    21 0000001C 48C7C03C000000          mov rax, 60
    22 00000023 48C7C700000000          mov rdi, 0
    23 0000002A 0F05                    syscall
