     1                                 %line 1+1 q2rev.asm
     2                                 [section .bss]
     3 00000000 <gap>                   var resb 3
     4                                 
     5                                 [section .text]
     6                                 [global _start]
     7                                 
     8                                 _start:
     9                                 
    10 00000000 C60425[00000000]0A      mov byte[var], 10
    11 00000008 C60425[01000000]0B      mov byte[var+1], 11
    12 00000010 C60425[02000000]0C      mov byte[var+2], 12
    13                                 
    14                                 
    15 00000018 48C7C3[00000000]        mov rbx, var
    16 0000001F C6030D                  mov byte[rbx], 13
    17 00000022 C643010E                mov byte[rbx+1], 14
    18 00000026 C643020F                mov byte[rbx+2], 15
    19                                 
    20                                 
    21 0000002A 48C7C3[00000000]        mov rbx, var
    22 00000031 48C7C100000000          mov rcx, 0
    23 00000038 B210                    mov dl, 16
    24                                 
    25                                  arrLoop:
    26 0000003A 88140B                  mov byte[rbx + rcx], dl
    27                                 
    28 0000003D 48FFC2                  inc rdx
    29                                 
    30 00000040 48FFC1                  inc rcx
    31 00000043 4883F903                cmp rcx, 3
    32 00000047 75EF                    jne arrLoop
    33                                 
    34                                 
    35                                 
    36 00000049 48C7C03C000000         mov rax, 60
    37 00000050 48C7C700000000         mov rdi, 0
    38 00000057 0F05                   syscall
