     1                                 %line 1+1 ex2_addition.asm
     2                                 
     3                                 
     4                                 
     5                                 
     6                                 
     7                                 [section .data]
     8 00000000 3075                    num1 dw 30000
     9 00000002 409C                    num2 dw 40000
    10 00000004 00000000                sum dd 0
    11                                 
    12                                 [section .text]
    13                                 [global _start]
    14                                 
    15                                 _start:
    16 00000000 66BB0000                mov bx, 0
    17 00000004 668B0425[00000000]      mov ax, word[num1]
    18 0000000C 66030425[00000000]      add ax, word[num2]
    19                                 
    20                                 
    21                                 
    22                                 
    23                                 
    24                                 
    25                                 
    26                                 
    27                                 
    28                                 
    29                                 
    30                                 
    31                                 
    32                                 
    33                                 
    34                                 
    35                                 
    36                                 
    37                                 
    38                                 
    39 00000014 6683D300                adc bx, 0
    40 00000018 66890425[00000000]      mov word[sum+0], ax
    41 00000020 66891C25[02000000]      mov word[sum+2], bx
    42                                 
    43 00000028 48C7C03C000000          mov rax, 60
    44 0000002F 48C7C700000000          mov rdi, 0
    45 00000036 0F05                    syscall
