     1                                 %line 1+1 print.asm
     2                                 
     3                                 
     4                                 
     5                                 
     6                                 
     7                                 
     8                                 
     9                                 
    10                                 
    11                                 [section .data]
    12 00000000 31202B2032202B2033-     str1 db "1 + 2 + 3 + ... + 100 = "
    13 00000000 202B202E2E2E202B20-
    14 00000000 313030203D20       
    15 00000018 0000                    sum dw 0
    16 0000001A 303030300A              ascii db "0000", 10
    17                                 
    18                                 [section .text]
    19                                 [global _start]
    20                                 
    21                                 _start:
    22                                 
    23                                 
    24                                 
    25                                 
    26 00000000 66B90100                mov cx, 1
    27 00000004 668B1C25[00000000]      mov bx, word[sum]
    28                                  sumloop:
    29 0000000C 6601CB                  add bx, cx
    30 0000000F 66FFC1                  inc cx
    31 00000012 6683F964                cmp cx, 100
    32 00000016 76F2                    jbe sumloop
    33                                 
    34                                 
    35 00000018 66891C25[00000000]      mov word[sum], bx
    36 00000020 48C7C300000000          mov rbx, 0
    37                                 
    38                                 
    39 00000027 668B0425[00000000]      mov ax, word[sum]
    40 0000002F 6699                    cwd
    41 00000031 66BBE803                mov bx, 1000
    42 00000035 66F7F3                  div bx
    43 00000038 000425[00000000]        add byte[ascii+0], al
    44                                 
    45                                 
    46 0000003F 6689D0                  mov ax, dx
    47 00000042 6699                    cwd
    48 00000044 66BB6400                mov bx, 100
    49 00000048 66F7F3                  div bx
    50 0000004B 000425[01000000]        add byte[ascii+1], al
    51                                 
    52                                 
    53 00000052 6689D0                  mov ax, dx
    54 00000055 6699                    cwd
    55 00000057 66BB0A00                mov bx, 10
    56 0000005B 66F7F3                  div bx
    57 0000005E 000425[02000000]        add byte[ascii+2], al
    58                                 
    59                                 
    60 00000065 6689D0                  mov ax, dx
    61 00000068 6699                    cwd
    62 0000006A 66BB0100                mov bx, 1
    63 0000006E 66F7F3                  div bx
    64 00000071 000425[03000000]        add byte[ascii+3], al
    65                                 
    66                                 
    67 00000078 48C7C001000000          mov rax, 1
    68 0000007F 48C7C701000000          mov rdi, 1
    69 00000086 48C7C6[00000000]        mov rsi, str1
    70 0000008D 48C7C218000000          mov rdx, 24
    71 00000094 0F05                    syscall
    72                                 
    73                                 
    74 00000096 48C7C001000000          mov rax, 1
    75 0000009D 48C7C701000000          mov rdi, 1
    76 000000A4 48C7C6[00000000]        mov rsi, ascii
    77 000000AB 48C7C205000000          mov rdx, 5
    78 000000B2 0F05                    syscall
    79                                 
    80                                 
    81 000000B4 48C7C03C000000          mov rax, 60
    82 000000BB 48C7C700000000          mov rdi, 0
    83 000000C2 0F05                    syscall
    84                                 
